<?xml version="1.0" encoding="UTF-8"?>
<testng-results skipped="0" failed="0" ignored="0" total="1" passed="1">
  <reporter-output>
  </reporter-output>
  <suite name="Command line suite" duration-ms="21" started-at="2018-08-09T06:02:54Z" finished-at="2018-08-09T06:02:54Z">
    <groups>
    </groups>
    <test name="Command line test" duration-ms="21" started-at="2018-08-09T06:02:54Z" finished-at="2018-08-09T06:02:54Z">
      <class name="com.handge.bigdata.AppTest">
        <test-method status="PASS" signature="testApp()[pri:0, instance:testApp(com.handge.bigdata.AppTest)]" name="testApp" duration-ms="4" started-at="2018-08-09T06:02:54Z" finished-at="2018-08-09T06:02:54Z">
          <reporter-output>
          </reporter-output>
        </test-method> <!-- testApp -->
      </class> <!-- com.handge.bigdata.AppTest -->
    </test> <!-- Command line test -->
  </suite> <!-- Command line suite -->
</testng-results>
